{"name": "test_two", "status": "failed", "statusDetails": {"message": "AssertionError: assert False\n +  where False = hasattr('hello', 'hello')", "trace": "def test_two():\n        x = \"hello\"\n>       assert hasattr(x, 'hello')\nE       AssertionError: assert False\nE        +  where False = hasattr('hello', 'hello')\n\ntest_case\\test_rl_add.py:36: AssertionError"}, "start": 1646359104433, "stop": 1646359104433, "uuid": "89fa7f55-7faf-43d4-80d8-374a12b47e68", "historyId": "d587ac7cbd74b02e6e330d3d135206a4", "testCaseId": "4ac6a69870cbac3e0fe32da9af4cab92", "fullName": "test_case.test_rl_add#test_two", "labels": [{"name": "parentSuite", "value": "test_case"}, {"name": "suite", "value": "test_rl_add"}, {"name": "host", "value": "DESKTOP-96UJE92"}, {"name": "thread", "value": "18628-MainThread"}, {"name": "framework", "value": "pytest"}, {"name": "language", "value": "cpython3"}, {"name": "package", "value": "test_case.test_rl_add"}]}