{"name": "test_two", "status": "failed", "statusDetails": {"message": "AssertionError: assert False\n +  where False = hasattr('hello', 'check')", "trace": "def test_two():\n        x = \"hello\"\n>       assert hasattr(x, 'check')\nE       AssertionError: assert False\nE        +  where False = hasattr('hello', 'check')\n\ntest_case\\test_rl_add.py:36: AssertionError"}, "start": 1646202327111, "stop": 1646202327111, "uuid": "14d89c60-1a53-4fc7-addc-4c2037371808", "historyId": "d587ac7cbd74b02e6e330d3d135206a4", "testCaseId": "4ac6a69870cbac3e0fe32da9af4cab92", "fullName": "test_case.test_rl_add#test_two", "labels": [{"name": "parentSuite", "value": "test_case"}, {"name": "suite", "value": "test_rl_add"}, {"name": "host", "value": "DESKTOP-96UJE92"}, {"name": "thread", "value": "19392-MainThread"}, {"name": "framework", "value": "pytest"}, {"name": "language", "value": "cpython3"}, {"name": "package", "value": "test_case.test_rl_add"}]}