{"name": "test_two", "status": "failed", "statusDetails": {"message": "AssertionError: assert False\n +  where False = hasattr('hel', 'x')", "trace": "def test_two():\n        x = \"hel\"\n>       assert hasattr(x, 'x')\nE       AssertionError: assert False\nE        +  where False = hasattr('hel', 'x')\n\ntest_case\\test_rl_add.py:36: AssertionError"}, "start": 1646359266814, "stop": 1646359266830, "uuid": "11fde1ed-0a3f-4e29-af30-09db1ad155ba", "historyId": "d587ac7cbd74b02e6e330d3d135206a4", "testCaseId": "4ac6a69870cbac3e0fe32da9af4cab92", "fullName": "test_case.test_rl_add#test_two", "labels": [{"name": "parentSuite", "value": "test_case"}, {"name": "suite", "value": "test_rl_add"}, {"name": "host", "value": "DESKTOP-96UJE92"}, {"name": "thread", "value": "19872-MainThread"}, {"name": "framework", "value": "pytest"}, {"name": "language", "value": "cpython3"}, {"name": "package", "value": "test_case.test_rl_add"}]}